TN:
SF:C:/Users/user/Desktop/course/angular/src/polyfills.ts
FNF:0
FNH:0
DA:46,1
DA:74,1
LF:2
LH:2
BRF:0
BRH:0
end_of_record
TN:
SF:C:/Users/user/Desktop/course/angular/src/test.ts
FNF:0
FNH:0
DA:3,1
DA:4,1
DA:5,1
DA:13,1
DA:18,1
DA:20,1
LF:6
LH:6
BRF:0
BRH:0
end_of_record
TN:
SF:C:/Users/user/Desktop/course/angular/src/app/app.component.ts
FN:9,(anonymous_1)
FNF:1
FNH:1
FNDA:1,(anonymous_1)
DA:1,1
DA:9,1
DA:13,1
LF:3
LH:3
BRF:0
BRH:0
end_of_record
TN:
SF:C:/Users/user/Desktop/course/angular/src/app/news.service.ts
FN:6,(anonymous_2)
FN:13,NewsService
FN:15,(anonymous_4)
FN:19,(anonymous_5)
FN:21,(anonymous_6)
FN:29,(anonymous_7)
FN:30,(anonymous_8)
FN:33,(anonymous_9)
FN:34,(anonymous_10)
FN:37,(anonymous_11)
FN:41,(anonymous_12)
FN:42,(anonymous_13)
FNF:12
FNH:2
FNDA:1,(anonymous_2)
FNDA:1,NewsService
FNDA:0,(anonymous_4)
FNDA:0,(anonymous_5)
FNDA:0,(anonymous_6)
FNDA:0,(anonymous_7)
FNDA:0,(anonymous_8)
FNDA:0,(anonymous_9)
FNDA:0,(anonymous_10)
FNDA:0,(anonymous_11)
FNDA:0,(anonymous_12)
FNDA:0,(anonymous_13)
DA:1,1
DA:6,1
DA:8,1
DA:15,1
DA:16,0
DA:19,1
DA:21,0
DA:22,0
DA:24,0
DA:26,0
DA:29,1
DA:30,0
DA:33,1
DA:34,0
DA:37,1
DA:38,0
DA:41,1
DA:42,0
DA:43,0
DA:44,0
DA:49,1
LF:21
LH:10
BRDA:22,0,0,0
BRDA:22,0,1,0
BRF:2
BRH:0
end_of_record
TN:
SF:C:/Users/user/Desktop/course/angular/src/app/add/add.component.ts
FN:10,(anonymous_2)
FN:16,AddComponent
FN:29,(anonymous_4)
FN:33,(anonymous_5)
FNF:4
FNH:1
FNDA:1,(anonymous_2)
FNDA:0,AddComponent
FNDA:0,(anonymous_4)
FNDA:0,(anonymous_5)
DA:1,1
DA:2,1
DA:3,1
DA:10,1
DA:16,0
DA:17,0
DA:18,0
DA:29,1
DA:33,1
DA:35,0
DA:36,0
DA:37,0
DA:38,0
DA:39,0
DA:42,1
LF:15
LH:7
BRF:0
BRH:0
end_of_record
TN:
SF:C:/Users/user/Desktop/course/angular/src/app/article/article.component.ts
FN:9,(anonymous_2)
FN:14,ArticleComponent
FN:19,(anonymous_4)
FN:23,(anonymous_5)
FN:28,(anonymous_6)
FN:34,(anonymous_7)
FNF:6
FNH:1
FNDA:1,(anonymous_2)
FNDA:0,ArticleComponent
FNDA:0,(anonymous_4)
FNDA:0,(anonymous_5)
FNDA:0,(anonymous_6)
FNDA:0,(anonymous_7)
DA:1,1
DA:2,1
DA:9,1
DA:14,0
DA:15,0
DA:19,1
DA:20,0
DA:23,1
DA:24,0
DA:25,0
DA:28,1
DA:29,0
DA:30,0
DA:31,0
DA:34,1
DA:35,0
DA:38,1
LF:17
LH:8
BRF:0
BRH:0
end_of_record
TN:
SF:C:/Users/user/Desktop/course/angular/src/app/edit/edit.component.ts
FN:11,(anonymous_2)
FN:19,EditComponent
FN:21,(anonymous_4)
FN:33,(anonymous_5)
FN:38,(anonymous_6)
FNF:5
FNH:1
FNDA:1,(anonymous_2)
FNDA:0,EditComponent
FNDA:0,(anonymous_4)
FNDA:0,(anonymous_5)
FNDA:0,(anonymous_6)
DA:1,1
DA:2,1
DA:3,1
DA:4,1
DA:11,1
DA:19,0
DA:20,0
DA:21,0
DA:22,0
DA:23,0
DA:33,1
DA:38,1
DA:40,0
DA:41,0
DA:42,0
DA:43,0
DA:45,1
LF:17
LH:8
BRF:0
BRH:0
end_of_record
TN:
SF:C:/Users/user/Desktop/course/angular/src/app/home/home.component.ts
FN:9,(anonymous_2)
FN:14,HomeComponent
FN:19,(anonymous_4)
FN:21,(anonymous_5)
FN:24,(anonymous_6)
FN:28,(anonymous_7)
FN:30,(anonymous_8)
FN:33,(anonymous_9)
FNF:8
FNH:1
FNDA:1,(anonymous_2)
FNDA:0,HomeComponent
FNDA:0,(anonymous_4)
FNDA:0,(anonymous_5)
FNDA:0,(anonymous_6)
FNDA:0,(anonymous_7)
FNDA:0,(anonymous_8)
FNDA:0,(anonymous_9)
DA:1,1
DA:2,1
DA:9,1
DA:14,0
DA:15,0
DA:19,1
DA:21,0
DA:24,0
DA:28,1
DA:29,0
DA:30,0
DA:33,1
DA:34,0
DA:37,1
LF:14
LH:7
BRF:0
BRH:0
end_of_record
TN:
SF:C:/Users/user/Desktop/course/angular/src/app/home/news-api.service.ts
FN:8,(anonymous_2)
FN:13,NewsApiService
FN:16,(anonymous_4)
FN:21,(anonymous_5)
FN:25,(anonymous_6)
FNF:5
FNH:1
FNDA:1,(anonymous_2)
FNDA:0,NewsApiService
FNDA:0,(anonymous_4)
FNDA:0,(anonymous_5)
FNDA:0,(anonymous_6)
DA:1,1
DA:2,1
DA:8,1
DA:10,0
DA:13,0
DA:16,1
DA:17,0
DA:21,1
DA:22,0
DA:25,1
DA:26,0
DA:31,1
LF:12
LH:7
BRF:0
BRH:0
end_of_record
